<?xml version="1.0" encoding="UTF-8"?>
<!-- Generated by org.testng.reporters.JUnitXMLReporter -->
<testsuite ignored="0" hostname="samavu" failures="0" tests="3" name="Default test" time="0.076" errors="0" timestamp="2024-04-03T16:05:48 IST">
  <testcase classname="testng.testngsiutebeforeaftercases" name="login" time="0.008"/>
  <testcase classname="testng.testngsiutebeforeaftercases" name="tc1" time="0.003"/>
  <testcase classname="testng.testngsiutebeforeaftercases" name="tc2" time="0.002"/>
</testsuite> <!-- Default test -->
