<?xml version="1.0" encoding="UTF-8"?>
<testng-results ignored="0" total="3" passed="3" failed="0" skipped="0">
  <reporter-output>
  </reporter-output>
  <suite started-at="2024-04-03T16:05:47 IST" name="Default suite" finished-at="2024-04-03T16:05:47 IST" duration-ms="76">
    <groups>
    </groups>
    <test started-at="2024-04-03T16:05:47 IST" name="Default test" finished-at="2024-04-03T16:05:47 IST" duration-ms="76">
      <class name="testng.testngsiutebeforeaftercases">
        <test-method is-config="true" signature="openBrowser()[pri:0, instance:testng.testngsiutebeforeaftercases@534a5a98]" started-at="2024-04-03T16:05:47 IST" name="openBrowser" finished-at="2024-04-03T16:05:47 IST" duration-ms="13" status="PASS">
          <reporter-output>
          </reporter-output>
        </test-method> <!-- openBrowser -->
        <test-method is-config="true" signature="login()[pri:0, instance:testng.testngsiutebeforeaftercases@534a5a98]" started-at="2024-04-03T16:05:47 IST" name="login" finished-at="2024-04-03T16:05:47 IST" duration-ms="0" status="PASS">
          <reporter-output>
          </reporter-output>
        </test-method> <!-- login -->
        <test-method signature="login()[pri:0, instance:testng.testngsiutebeforeaftercases@534a5a98]" started-at="2024-04-03T16:05:47 IST" name="login" finished-at="2024-04-03T16:05:47 IST" duration-ms="8" status="PASS">
          <reporter-output>
          </reporter-output>
        </test-method> <!-- login -->
        <test-method is-config="true" signature="logout()[pri:0, instance:testng.testngsiutebeforeaftercases@534a5a98]" started-at="2024-04-03T16:05:47 IST" name="logout" finished-at="2024-04-03T16:05:47 IST" duration-ms="0" status="PASS">
          <reporter-output>
          </reporter-output>
        </test-method> <!-- logout -->
        <test-method signature="tc1()[pri:0, instance:testng.testngsiutebeforeaftercases@534a5a98]" started-at="2024-04-03T16:05:47 IST" name="tc1" finished-at="2024-04-03T16:05:47 IST" duration-ms="3" status="PASS">
          <reporter-output>
          </reporter-output>
        </test-method> <!-- tc1 -->
        <test-method is-config="true" signature="login()[pri:0, instance:testng.testngsiutebeforeaftercases@534a5a98]" started-at="2024-04-03T16:05:47 IST" name="login" finished-at="2024-04-03T16:05:47 IST" duration-ms="0" status="PASS">
          <reporter-output>
          </reporter-output>
        </test-method> <!-- login -->
        <test-method is-config="true" signature="logout()[pri:0, instance:testng.testngsiutebeforeaftercases@534a5a98]" started-at="2024-04-03T16:05:47 IST" name="logout" finished-at="2024-04-03T16:05:47 IST" duration-ms="1" status="PASS">
          <reporter-output>
          </reporter-output>
        </test-method> <!-- logout -->
        <test-method is-config="true" signature="login()[pri:0, instance:testng.testngsiutebeforeaftercases@534a5a98]" started-at="2024-04-03T16:05:47 IST" name="login" finished-at="2024-04-03T16:05:47 IST" duration-ms="2" status="PASS">
          <reporter-output>
          </reporter-output>
        </test-method> <!-- login -->
        <test-method signature="tc2()[pri:0, instance:testng.testngsiutebeforeaftercases@534a5a98]" started-at="2024-04-03T16:05:47 IST" name="tc2" finished-at="2024-04-03T16:05:47 IST" duration-ms="2" status="PASS">
          <reporter-output>
          </reporter-output>
        </test-method> <!-- tc2 -->
        <test-method is-config="true" signature="logout()[pri:0, instance:testng.testngsiutebeforeaftercases@534a5a98]" started-at="2024-04-03T16:05:47 IST" name="logout" finished-at="2024-04-03T16:05:47 IST" duration-ms="0" status="PASS">
          <reporter-output>
          </reporter-output>
        </test-method> <!-- logout -->
        <test-method is-config="true" signature="closeBrowser()[pri:0, instance:testng.testngsiutebeforeaftercases@534a5a98]" started-at="2024-04-03T16:05:47 IST" name="closeBrowser" finished-at="2024-04-03T16:05:47 IST" duration-ms="1" status="PASS">
          <reporter-output>
          </reporter-output>
        </test-method> <!-- closeBrowser -->
      </class> <!-- testng.testngsiutebeforeaftercases -->
    </test> <!-- Default test -->
  </suite> <!-- Default suite -->
</testng-results>
